----------------
IN: 
0x40000000:  d53800a0  mrs      x0, mpidr_el1
0x40000004:  92400400  and      x0, x0, #3
0x40000008:  b4000060  cbz      x0, #0x40000014

----------------
IN: 
0x40000014:  58000161  ldr      x1, #0x40000040
0x40000018:  9100003f  mov      sp, x1
0x4000001c:  58000161  ldr      x1, #0x40000048
0x40000020:  58000182  ldr      x2, #0x40000050
0x40000024:  eb02003f  cmp      x1, x2
0x40000028:  5400004a  b.ge     #0x40000030

----------------
IN: 
0x4000002c:  f800843f  str      xzr, [x1], #8
0x40000030:  940000cc  bl       #0x40000360

----------------
IN: main
0x40000360:  b0000001  adrp     x1, #0x40001000
0x40000364:  9107c021  add      x1, x1, #0x1f0
0x40000368:  a9bf7bfd  stp      x29, x30, [sp, #-0x10]!
0x4000036c:  52800140  movz     w0, #0xa
0x40000370:  d2a12002  movz     x2, #0x900, lsl #16
0x40000374:  528001a3  movz     w3, #0xd
0x40000378:  910003fd  mov      x29, sp
0x4000037c:  d503201f  nop      
0x40000380:  91000421  add      x1, x1, #1
0x40000384:  7100281f  cmp      w0, #0xa
0x40000388:  54000041  b.ne     #0x40000390

----------------
IN: main
0x4000038c:  b9000043  str      w3, [x2]
0x40000390:  b9000040  str      w0, [x2]
0x40000394:  39400020  ldrb     w0, [x1]
0x40000398:  35ffff40  cbnz     w0, #0x40000380

----------------
IN: main
0x4000038c:  b9000043  str      w3, [x2]

----------------
IN: main
0x40000390:  b9000040  str      w0, [x2]
0x40000394:  39400020  ldrb     w0, [x1]
0x40000398:  35ffff40  cbnz     w0, #0x40000380

----------------
IN: main
0x40000390:  b9000040  str      w0, [x2]

----------------
IN: main
0x40000394:  39400020  ldrb     w0, [x1]
0x40000398:  35ffff40  cbnz     w0, #0x40000380

----------------
IN: main
0x40000380:  91000421  add      x1, x1, #1
0x40000384:  7100281f  cmp      w0, #0xa
0x40000388:  54000041  b.ne     #0x40000390

----------------
IN: main
0x4000039c:  9400031a  bl       #0x40001004

----------------
IN: 
0x40001004:  d5384240  mrs      x0, currentel
0x40001008:  d342fc00  lsr      x0, x0, #2
0x4000100c:  d65f03c0  ret      

----------------
IN: main
0x400003a0:  b0000002  adrp     x2, #0x40001000
0x400003a4:  9108a042  add      x2, x2, #0x228
0x400003a8:  52800d21  movz     w1, #0x69
0x400003ac:  d2a12007  movz     x7, #0x900, lsl #16
0x400003b0:  528001a3  movz     w3, #0xd
0x400003b4:  d503201f  nop      
0x400003b8:  91000442  add      x2, x2, #1
0x400003bc:  7100283f  cmp      w1, #0xa
0x400003c0:  54000041  b.ne     #0x400003c8

----------------
IN: main
0x400003c8:  b90000e1  str      w1, [x7]
0x400003cc:  39400041  ldrb     w1, [x2]
0x400003d0:  35ffff41  cbnz     w1, #0x400003b8

----------------
IN: main
0x400003c8:  b90000e1  str      w1, [x7]

----------------
IN: main
0x400003cc:  39400041  ldrb     w1, [x2]
0x400003d0:  35ffff41  cbnz     w1, #0x400003b8

----------------
IN: main
0x400003b8:  91000442  add      x2, x2, #1
0x400003bc:  7100283f  cmp      w1, #0xa
0x400003c0:  54000041  b.ne     #0x400003c8

----------------
IN: main
0x400003d4:  97ffff3b  bl       #0x400000c0

----------------
IN: uart_put_hex
0x400000c0:  d10083ff  sub      sp, sp, #0x20
0x400000c4:  b0000001  adrp     x1, #0x40001000
0x400000c8:  9103e021  add      x1, x1, #0xf8
0x400000cc:  910023e4  add      x4, sp, #8
0x400000d0:  b0000002  adrp     x2, #0x40001000
0x400000d4:  9103c042  add      x2, x2, #0xf0
0x400000d8:  d2a12003  movz     x3, #0x900, lsl #16
0x400000dc:  528001a5  movz     w5, #0xd
0x400000e0:  a9402428  ldp      x8, x9, [x1]
0x400000e4:  a900a7e8  stp      x8, x9, [sp, #8]
0x400000e8:  39404026  ldrb     w6, [x1, #0x10]
0x400000ec:  52800601  movz     w1, #0x30
0x400000f0:  39004086  strb     w6, [x4, #0x10]
0x400000f4:  d503201f  nop      
0x400000f8:  91000442  add      x2, x2, #1
0x400000fc:  7100283f  cmp      w1, #0xa
0x40000100:  54000041  b.ne     #0x40000108

----------------
IN: uart_put_hex
0x40000108:  b9000061  str      w1, [x3]
0x4000010c:  39400041  ldrb     w1, [x2]
0x40000110:  35ffff41  cbnz     w1, #0x400000f8

----------------
IN: uart_put_hex
0x40000108:  b9000061  str      w1, [x3]

----------------
IN: uart_put_hex
0x4000010c:  39400041  ldrb     w1, [x2]
0x40000110:  35ffff41  cbnz     w1, #0x400000f8

----------------
IN: uart_put_hex
0x400000f8:  91000442  add      x2, x2, #1
0x400000fc:  7100283f  cmp      w1, #0xa
0x40000100:  54000041  b.ne     #0x40000108

----------------
IN: uart_put_hex
0x40000114:  52800781  movz     w1, #0x3c
0x40000118:  d2a12003  movz     x3, #0x900, lsl #16
0x4000011c:  528001a5  movz     w5, #0xd
0x40000120:  9ac12402  lsr      x2, x0, x1
0x40000124:  92400c42  and      x2, x2, #0xf
0x40000128:  51001021  sub      w1, w1, #4
0x4000012c:  38626882  ldrb     w2, [x4, x2]
0x40000130:  7100285f  cmp      w2, #0xa
0x40000134:  54000041  b.ne     #0x4000013c

----------------
IN: uart_put_hex
0x4000013c:  b9000062  str      w2, [x3]
0x40000140:  3100103f  cmn      w1, #4
0x40000144:  54fffee1  b.ne     #0x40000120

----------------
IN: uart_put_hex
0x4000013c:  b9000062  str      w2, [x3]

----------------
IN: uart_put_hex
0x40000140:  3100103f  cmn      w1, #4
0x40000144:  54fffee1  b.ne     #0x40000120

----------------
IN: uart_put_hex
0x40000120:  9ac12402  lsr      x2, x0, x1
0x40000124:  92400c42  and      x2, x2, #0xf
0x40000128:  51001021  sub      w1, w1, #4
0x4000012c:  38626882  ldrb     w2, [x4, x2]
0x40000130:  7100285f  cmp      w2, #0xa
0x40000134:  54000041  b.ne     #0x4000013c

----------------
IN: uart_put_hex
0x40000148:  910083ff  add      sp, sp, #0x20
0x4000014c:  d65f03c0  ret      

----------------
IN: main
0x400003d8:  528001a1  movz     w1, #0xd
0x400003dc:  b90000e1  str      w1, [x7]
0x400003e0:  52800141  movz     w1, #0xa
0x400003e4:  b90000e1  str      w1, [x7]
0x400003e8:  f100081f  cmp      x0, #2
0x400003ec:  540001e0  b.eq     #0x40000428

----------------
IN: main
0x400003dc:  b90000e1  str      w1, [x7]

----------------
IN: main
0x400003e0:  52800141  movz     w1, #0xa
0x400003e4:  b90000e1  str      w1, [x7]
0x400003e8:  f100081f  cmp      x0, #2
0x400003ec:  540001e0  b.eq     #0x40000428

----------------
IN: main
0x400003e4:  b90000e1  str      w1, [x7]

----------------
IN: main
0x400003e8:  f100081f  cmp      x0, #2
0x400003ec:  540001e0  b.eq     #0x40000428

----------------
IN: main
0x40000428:  b0000001  adrp     x1, #0x40001000
0x4000042c:  9109c021  add      x1, x1, #0x270
0x40000430:  52800d20  movz     w0, #0x69
0x40000434:  d2a12002  movz     x2, #0x900, lsl #16
0x40000438:  528001a3  movz     w3, #0xd
0x4000043c:  d503201f  nop      
0x40000440:  91000421  add      x1, x1, #1
0x40000444:  7100281f  cmp      w0, #0xa
0x40000448:  54000041  b.ne     #0x40000450

----------------
IN: main
0x40000450:  b9000040  str      w0, [x2]
0x40000454:  39400020  ldrb     w0, [x1]
0x40000458:  35ffff40  cbnz     w0, #0x40000440

----------------
IN: main
0x40000450:  b9000040  str      w0, [x2]

----------------
IN: main
0x40000454:  39400020  ldrb     w0, [x1]
0x40000458:  35ffff40  cbnz     w0, #0x40000440

----------------
IN: main
0x40000440:  91000421  add      x1, x1, #1
0x40000444:  7100281f  cmp      w0, #0xa
0x40000448:  54000041  b.ne     #0x40000450

----------------
IN: main
0x4000044c:  b9000043  str      w3, [x2]
0x40000450:  b9000040  str      w0, [x2]
0x40000454:  39400020  ldrb     w0, [x1]
0x40000458:  35ffff40  cbnz     w0, #0x40000440

----------------
IN: main
0x4000044c:  b9000043  str      w3, [x2]

----------------
IN: main
0x4000045c:  b0000001  adrp     x1, #0x40001000
0x40000460:  910a2021  add      x1, x1, #0x288
0x40000464:  52800d20  movz     w0, #0x69
0x40000468:  d2a12002  movz     x2, #0x900, lsl #16
0x4000046c:  528001a3  movz     w3, #0xd
0x40000470:  91000421  add      x1, x1, #1
0x40000474:  7100281f  cmp      w0, #0xa
0x40000478:  54000041  b.ne     #0x40000480

----------------
IN: main
0x40000480:  b9000040  str      w0, [x2]
0x40000484:  39400020  ldrb     w0, [x1]
0x40000488:  35ffff40  cbnz     w0, #0x40000470

----------------
IN: main
0x40000480:  b9000040  str      w0, [x2]

----------------
IN: main
0x40000484:  39400020  ldrb     w0, [x1]
0x40000488:  35ffff40  cbnz     w0, #0x40000470

----------------
IN: main
0x40000470:  91000421  add      x1, x1, #1
0x40000474:  7100281f  cmp      w0, #0xa
0x40000478:  54000041  b.ne     #0x40000480

----------------
IN: main
0x4000047c:  b9000043  str      w3, [x2]
0x40000480:  b9000040  str      w0, [x2]
0x40000484:  39400020  ldrb     w0, [x1]
0x40000488:  35ffff40  cbnz     w0, #0x40000470

----------------
IN: main
0x4000047c:  b9000043  str      w3, [x2]

----------------
IN: main
0x4000048c:  90000000  adrp     x0, #0x40000000
0x40000490:  91200000  add      x0, x0, #0x800
0x40000494:  940002df  bl       #0x40001010

----------------
IN: 
0x40001010:  d51cc000  msr      vbar_el2, x0

----------------
IN: 
0x40001014:  d65f03c0  ret      

----------------
IN: main
0x40000498:  d2b00000  movz     x0, #0x8000, lsl #16
0x4000049c:  940002e1  bl       #0x40001020

----------------
IN: 
0x40001020:  d51c1100  msr      hcr_el2, x0

----------------
IN: 
0x40001024:  d65f03c0  ret      

----------------
IN: main
0x400004a0:  d2800000  movz     x0, #0
0x400004a4:  940002e1  bl       #0x40001028

----------------
IN: 
0x40001028:  d51c1140  msr      cptr_el2, x0

----------------
IN: 
0x4000102c:  d65f03c0  ret      

----------------
IN: main
0x400004a8:  b0000001  adrp     x1, #0x40001000
0x400004ac:  910aa021  add      x1, x1, #0x2a8
0x400004b0:  52800d20  movz     w0, #0x69
0x400004b4:  d2a12002  movz     x2, #0x900, lsl #16
0x400004b8:  528001a3  movz     w3, #0xd
0x400004bc:  d503201f  nop      
0x400004c0:  91000421  add      x1, x1, #1
0x400004c4:  7100281f  cmp      w0, #0xa
0x400004c8:  54000041  b.ne     #0x400004d0

----------------
IN: main
0x400004d0:  b9000040  str      w0, [x2]
0x400004d4:  39400020  ldrb     w0, [x1]
0x400004d8:  35ffff40  cbnz     w0, #0x400004c0

----------------
IN: main
0x400004d0:  b9000040  str      w0, [x2]

----------------
IN: main
0x400004d4:  39400020  ldrb     w0, [x1]
0x400004d8:  35ffff40  cbnz     w0, #0x400004c0

----------------
IN: main
0x400004c0:  91000421  add      x1, x1, #1
0x400004c4:  7100281f  cmp      w0, #0xa
0x400004c8:  54000041  b.ne     #0x400004d0

----------------
IN: main
0x400004cc:  b9000043  str      w3, [x2]
0x400004d0:  b9000040  str      w0, [x2]
0x400004d4:  39400020  ldrb     w0, [x1]
0x400004d8:  35ffff40  cbnz     w0, #0x400004c0

----------------
IN: main
0x400004cc:  b9000043  str      w3, [x2]

----------------
IN: main
0x400004dc:  b0000001  adrp     x1, #0x40001000
0x400004e0:  910b6021  add      x1, x1, #0x2d8
0x400004e4:  52800d20  movz     w0, #0x69
0x400004e8:  d2a12002  movz     x2, #0x900, lsl #16
0x400004ec:  528001a3  movz     w3, #0xd
0x400004f0:  91000421  add      x1, x1, #1
0x400004f4:  7100281f  cmp      w0, #0xa
0x400004f8:  54000041  b.ne     #0x40000500

----------------
IN: main
0x40000500:  b9000040  str      w0, [x2]
0x40000504:  39400020  ldrb     w0, [x1]
0x40000508:  35ffff40  cbnz     w0, #0x400004f0

----------------
IN: main
0x40000500:  b9000040  str      w0, [x2]

----------------
IN: main
0x40000504:  39400020  ldrb     w0, [x1]
0x40000508:  35ffff40  cbnz     w0, #0x400004f0

----------------
IN: main
0x400004f0:  91000421  add      x1, x1, #1
0x400004f4:  7100281f  cmp      w0, #0xa
0x400004f8:  54000041  b.ne     #0x40000500

----------------
IN: main
0x400004fc:  b9000043  str      w3, [x2]
0x40000500:  b9000040  str      w0, [x2]
0x40000504:  39400020  ldrb     w0, [x1]
0x40000508:  35ffff40  cbnz     w0, #0x400004f0

----------------
IN: main
0x400004fc:  b9000043  str      w3, [x2]

----------------
IN: main
0x4000050c:  b0000001  adrp     x1, #0x40001000
0x40000510:  910be021  add      x1, x1, #0x2f8
0x40000514:  52800d20  movz     w0, #0x69
0x40000518:  d2a12002  movz     x2, #0x900, lsl #16
0x4000051c:  528001a3  movz     w3, #0xd
0x40000520:  91000421  add      x1, x1, #1
0x40000524:  7100281f  cmp      w0, #0xa
0x40000528:  54000041  b.ne     #0x40000530

----------------
IN: main
0x40000530:  b9000040  str      w0, [x2]
0x40000534:  39400020  ldrb     w0, [x1]
0x40000538:  35ffff40  cbnz     w0, #0x40000520

----------------
IN: main
0x40000530:  b9000040  str      w0, [x2]

----------------
IN: main
0x40000534:  39400020  ldrb     w0, [x1]
0x40000538:  35ffff40  cbnz     w0, #0x40000520

----------------
IN: main
0x40000520:  91000421  add      x1, x1, #1
0x40000524:  7100281f  cmp      w0, #0xa
0x40000528:  54000041  b.ne     #0x40000530

----------------
IN: main
0x4000052c:  b9000043  str      w3, [x2]
0x40000530:  b9000040  str      w0, [x2]
0x40000534:  39400020  ldrb     w0, [x1]
0x40000538:  35ffff40  cbnz     w0, #0x40000520

----------------
IN: main
0x4000052c:  b9000043  str      w3, [x2]

----------------
IN: main
0x4000053c:  b0000000  adrp     x0, #0x40001000
0x40000540:  f0000004  adrp     x4, #0x40003000
0x40000544:  90000021  adrp     x1, #0x40004000
0x40000548:  91000082  add      x2, x4, #0
0x4000054c:  3dc0d800  ldr      q0, [x0, #0x360]
0x40000550:  91000021  add      x1, x1, #0
0x40000554:  b2400442  orr      x2, x2, #3
0x40000558:  b2400421  orr      x1, x1, #3
0x4000055c:  b0000023  adrp     x3, #0x40005000
0x40000560:  91000060  add      x0, x3, #0
0x40000564:  3d800080  str      q0, [x4]
0x40000568:  a9000402  stp      x2, x1, [x0]
0x4000056c:  940002b1  bl       #0x40001030

----------------
IN: 
0x40001030:  d51c2000  msr      ttbr0_el2, x0

----------------
IN: 
0x40001034:  d65f03c0  ret      

----------------
IN: main
0x40000570:  d29fe080  movz     x0, #0xff04
0x40000574:  d51ca200  msr      mair_el2, x0

----------------
IN: main
0x40000578:  d286a320  movz     x0, #0x3519
0x4000057c:  f2a00040  movk     x0, #0x2, lsl #16
0x40000580:  940002b4  bl       #0x40001050

----------------
IN: 
0x40001050:  d51c2140  msr      vtcr_el2, x0

----------------
IN: 
0x40001054:  d65f03c0  ret      

----------------
IN: main
0x40000584:  d5033fdf  isb      

----------------
IN: main
0x40000588:  940002ae  bl       #0x40001040

----------------
IN: 
0x40001040:  d53c1000  mrs      x0, sctlr_el2
0x40001044:  d65f03c0  ret      

----------------
IN: main
0x4000058c:  d28200a1  movz     x1, #0x1005
0x40000590:  aa010000  orr      x0, x0, x1
0x40000594:  940002a9  bl       #0x40001038

----------------
IN: 
0x40001038:  d51c1000  msr      sctlr_el2, x0

